<?xml version="1.0" encoding="UTF-8"?>
<robot generator="Robot 7.0.1 (Python 3.12.4 on win32)" generated="2025-02-25T23:21:24.870011" rpa="false" schemaversion="5">
<suite id="s1" name="UAT test" source="D:\653380263-0\SoftwareEngineer\git-group-repository-group-6-sec-2\SourceCodeVersion_1\tests\UAT_test.robot">
<test id="s1-t1" name="TC01 Open Event Registration Page" line="10">
<kw name="Open Browser" owner="SeleniumLibrary">
<msg time="2025-02-25T23:21:25.343446" level="INFO">Opening browser 'Chrome' to base url 'https://cssegroup6sec267.cpkkuhost.com/'.</msg>
<arg>${URL}</arg>
<arg>${BROWSER}</arg>
<doc>Opens a new browser instance to the optional ``url``.</doc>
<status status="PASS" start="2025-02-25T23:21:25.342446" elapsed="26.429094"/>
</kw>
<kw name="Maximize Browser Window" owner="SeleniumLibrary">
<doc>Maximizes current browser window.</doc>
<status status="PASS" start="2025-02-25T23:21:51.772538" elapsed="0.054755"/>
</kw>
<kw name="Wait Until Element Is Visible" owner="SeleniumLibrary">
<msg time="2025-02-25T23:22:22.336331" level="INFO" html="true">&lt;/td&gt;&lt;/tr&gt;&lt;tr&gt;&lt;td colspan="3"&gt;&lt;a href="selenium-screenshot-10.png"&gt;&lt;img src="selenium-screenshot-10.png" width="800px"&gt;&lt;/a&gt;</msg>
<msg time="2025-02-25T23:22:22.337330" level="FAIL">Element 'xpath=//h1[contains(text(),'RESEARCH DOCUMENT MANAGEMENT SYSTEM')]' not visible after 30 seconds.</msg>
<arg>xpath=//h1[contains(text(),'RESEARCH DOCUMENT MANAGEMENT SYSTEM')]</arg>
<arg>timeout=30s</arg>
<doc>Waits until the element ``locator`` is visible.</doc>
<status status="FAIL" start="2025-02-25T23:21:51.829294" elapsed="30.511080">Element 'xpath=//h1[contains(text(),'RESEARCH DOCUMENT MANAGEMENT SYSTEM')]' not visible after 30 seconds.</status>
</kw>
<kw name="Page Should Contain" owner="SeleniumLibrary">
<arg>RESEARCH DOCUMENT MANAGEMENT SYSTEM</arg>
<doc>Verifies that current page contains ``text``.</doc>
<status status="NOT RUN" start="2025-02-25T23:22:22.341372" elapsed="0.001112"/>
</kw>
<status status="FAIL" start="2025-02-25T23:21:25.341430" elapsed="57.001054">Element 'xpath=//h1[contains(text(),'RESEARCH DOCUMENT MANAGEMENT SYSTEM')]' not visible after 30 seconds.</status>
</test>
<test id="s1-t2" name="TC02 Login Button" line="16">
<kw name="Wait Until Element Is Visible" owner="SeleniumLibrary">
<arg>xpath=//a[contains(@class,'btn-solid-sm') and text()='Login']</arg>
<arg>timeout=30s</arg>
<doc>Waits until the element ``locator`` is visible.</doc>
<status status="PASS" start="2025-02-25T23:22:22.346500" elapsed="0.063819"/>
</kw>
<kw name="Scroll Element Into View" owner="SeleniumLibrary">
<arg>xpath=//a[contains(@class,'btn-solid-sm') and text()='Login']</arg>
<doc>Scrolls the element identified by ``locator`` into view.</doc>
<status status="PASS" start="2025-02-25T23:22:22.411318" elapsed="0.333481"/>
</kw>
<kw name="Click Element" owner="SeleniumLibrary">
<msg time="2025-02-25T23:22:22.748217" level="INFO">Clicking element 'xpath=//a[contains(@class,'btn-solid-sm') and text()='Login']'.</msg>
<arg>xpath=//a[contains(@class,'btn-solid-sm') and text()='Login']</arg>
<doc>Click the element identified by ``locator``.</doc>
<status status="PASS" start="2025-02-25T23:22:22.747167" elapsed="0.207218"/>
</kw>
<kw name="Sleep" owner="BuiltIn">
<msg time="2025-02-25T23:22:24.956685" level="INFO">Slept 2 seconds.</msg>
<arg>2s</arg>
<doc>Pauses the test executed for the given time.</doc>
<status status="PASS" start="2025-02-25T23:22:22.954385" elapsed="2.002300"/>
</kw>
<kw name="Switch Window" owner="SeleniumLibrary">
<arg>NEW</arg>
<doc>Switches to browser window matching ``locator``.</doc>
<status status="PASS" start="2025-02-25T23:22:24.958219" elapsed="0.036258"/>
</kw>
<kw name="Wait Until Element Is Visible" owner="SeleniumLibrary">
<arg>name=username</arg>
<arg>timeout=30s</arg>
<doc>Waits until the element ``locator`` is visible.</doc>
<status status="PASS" start="2025-02-25T23:22:24.998954" elapsed="0.388870"/>
</kw>
<status status="PASS" start="2025-02-25T23:22:22.345498" elapsed="3.044325"/>
</test>
<test id="s1-t3" name="TC03 Login System" line="24">
<kw name="Input Text" owner="SeleniumLibrary">
<msg time="2025-02-25T23:22:25.393822" level="INFO">Typing text 'punhor1@kku.ac.th' into text field 'name=username'.</msg>
<arg>name=username</arg>
<arg>punhor1@kku.ac.th</arg>
<doc>Types the given ``text`` into the text field identified by ``locator``.</doc>
<status status="PASS" start="2025-02-25T23:22:25.392823" elapsed="0.228189"/>
</kw>
<kw name="Input Text" owner="SeleniumLibrary">
<msg time="2025-02-25T23:22:25.623004" level="INFO">Typing text '123456789' into text field 'name=password'.</msg>
<arg>name=password</arg>
<arg>123456789</arg>
<doc>Types the given ``text`` into the text field identified by ``locator``.</doc>
<status status="PASS" start="2025-02-25T23:22:25.622006" elapsed="0.195522"/>
</kw>
<kw name="Click Button" owner="SeleniumLibrary">
<msg time="2025-02-25T23:22:25.819523" level="INFO">Clicking button 'xpath=//button[@type='submit']'.</msg>
<arg>xpath=//button[@type='submit']</arg>
<doc>Clicks the button identified by ``locator``.</doc>
<status status="PASS" start="2025-02-25T23:22:25.818529" elapsed="4.789662"/>
</kw>
<kw name="Wait Until Page Contains" owner="SeleniumLibrary">
<arg>Dashboard</arg>
<arg>timeout=30s</arg>
<doc>Waits until ``text`` appears on the current page.</doc>
<status status="PASS" start="2025-02-25T23:22:30.610193" elapsed="0.039316"/>
</kw>
<status status="PASS" start="2025-02-25T23:22:25.392823" elapsed="5.258688"/>
</test>
<test id="s1-t4" name="TC04 Manage Publications" line="30">
<kw name="Sleep" owner="BuiltIn">
<msg time="2025-02-25T23:22:32.655273" level="INFO">Slept 2 seconds.</msg>
<arg>2s</arg>
<doc>Pauses the test executed for the given time.</doc>
<status status="PASS" start="2025-02-25T23:22:30.654513" elapsed="2.001851"/>
</kw>
<kw name="Wait Until Page Contains" owner="SeleniumLibrary">
<arg>Manage Publications</arg>
<arg>timeout=60s</arg>
<doc>Waits until ``text`` appears on the current page.</doc>
<status status="PASS" start="2025-02-25T23:22:32.658029" elapsed="0.051957"/>
</kw>
<kw name="Scroll Element Into View" owner="SeleniumLibrary">
<arg>xpath=//a[@data-bs-toggle='collapse' and @aria-controls='ManagePublications']</arg>
<doc>Scrolls the element identified by ``locator`` into view.</doc>
<status status="PASS" start="2025-02-25T23:22:32.710986" elapsed="0.333687"/>
</kw>
<kw name="Click Element" owner="SeleniumLibrary">
<msg time="2025-02-25T23:22:33.046690" level="INFO">Clicking element 'xpath=//a[@data-bs-toggle='collapse' and @aria-controls='ManagePublications']'.</msg>
<arg>xpath=//a[@data-bs-toggle='collapse' and @aria-controls='ManagePublications']</arg>
<doc>Click the element identified by ``locator``.</doc>
<status status="PASS" start="2025-02-25T23:22:33.046690" elapsed="0.146980"/>
</kw>
<kw name="Sleep" owner="BuiltIn">
<msg time="2025-02-25T23:22:35.195706" level="INFO">Slept 2 seconds.</msg>
<arg>2s</arg>
<doc>Pauses the test executed for the given time.</doc>
<status status="PASS" start="2025-02-25T23:22:33.195102" elapsed="2.000604"/>
</kw>
<kw name="Wait Until Element Is Visible" owner="SeleniumLibrary">
<arg>xpath=//span[contains(text(),'Manage Publications')]</arg>
<arg>timeout=60s</arg>
<doc>Waits until the element ``locator`` is visible.</doc>
<status status="PASS" start="2025-02-25T23:22:35.197045" elapsed="0.052291"/>
</kw>
<status status="PASS" start="2025-02-25T23:22:30.653514" elapsed="4.597264"/>
</test>
<test id="s1-t5" name="TC05 Published Research Page" line="38">
<kw name="Wait Until Element Is Visible" owner="SeleniumLibrary">
<arg>xpath=//a[contains(text(),'Published research')]</arg>
<arg>timeout=15s</arg>
<doc>Waits until the element ``locator`` is visible.</doc>
<status status="PASS" start="2025-02-25T23:22:35.255113" elapsed="0.050294"/>
</kw>
<kw name="Execute Javascript" owner="SeleniumLibrary">
<msg time="2025-02-25T23:22:35.308407" level="INFO">Executing JavaScript:
window.scrollTo(0, document.body.scrollHeight)
Without any arguments.</msg>
<arg>window.scrollTo(0, document.body.scrollHeight)</arg>
<doc>Executes the given JavaScript code with possible arguments.</doc>
<status status="PASS" start="2025-02-25T23:22:35.307406" elapsed="0.011278"/>
</kw>
<kw name="Click Element" owner="SeleniumLibrary">
<msg time="2025-02-25T23:22:35.319696" level="INFO">Clicking element 'xpath=//a[contains(text(),'Published research')]'.</msg>
<arg>xpath=//a[contains(text(),'Published research')]</arg>
<doc>Click the element identified by ``locator``.</doc>
<status status="PASS" start="2025-02-25T23:22:35.319696" elapsed="1.561985"/>
</kw>
<kw name="Wait Until Location Contains" owner="SeleniumLibrary">
<arg>/papers</arg>
<arg>timeout=10s</arg>
<doc>Waits until the current URL contains ``expected``.</doc>
<status status="PASS" start="2025-02-25T23:22:36.883432" elapsed="0.010732"/>
</kw>
<kw name="Wait Until Element Is Visible" owner="SeleniumLibrary">
<msg time="2025-02-25T23:22:47.319345" level="INFO" html="true">&lt;/td&gt;&lt;/tr&gt;&lt;tr&gt;&lt;td colspan="3"&gt;&lt;a href="selenium-screenshot-11.png"&gt;&lt;img src="selenium-screenshot-11.png" width="800px"&gt;&lt;/a&gt;</msg>
<msg time="2025-02-25T23:22:47.319345" level="FAIL">Element 'xpath=//h1[contains(text(),'Published Research')]' not visible after 10 seconds.</msg>
<arg>xpath=//h1[contains(text(),'Published Research')]</arg>
<arg>timeout=10s</arg>
<doc>Waits until the element ``locator`` is visible.</doc>
<status status="FAIL" start="2025-02-25T23:22:36.895184" elapsed="10.426160">Element 'xpath=//h1[contains(text(),'Published Research')]' not visible after 10 seconds.</status>
</kw>
<doc>ตรวจสอบว่าหน้า Published Research เปิดขึ้นสำเร็จ</doc>
<status status="FAIL" start="2025-02-25T23:22:35.252795" elapsed="12.070549">Element 'xpath=//h1[contains(text(),'Published Research')]' not visible after 10 seconds.</status>
</test>
<test id="s1-t6" name="TC06 Call Papers" line="46">
<kw name="Wait Until Element Is Visible" owner="SeleniumLibrary">
<arg>xpath=//a[contains(@class,'btn btn-primary btn-icon-text btn-sm mb-3') and contains(text(),'Call Paper')]</arg>
<arg>timeout=15s</arg>
<doc>Waits until the element ``locator`` is visible.</doc>
<status status="PASS" start="2025-02-25T23:22:47.329345" elapsed="0.043537"/>
</kw>
<kw name="Execute Javascript" owner="SeleniumLibrary">
<msg time="2025-02-25T23:22:47.375884" level="INFO">Executing JavaScript:
window.scrollTo(0, document.body.scrollHeight)
Without any arguments.</msg>
<arg>window.scrollTo(0, document.body.scrollHeight)</arg>
<doc>Executes the given JavaScript code with possible arguments.</doc>
<status status="PASS" start="2025-02-25T23:22:47.374886" elapsed="0.013261"/>
</kw>
<kw name="Click Element" owner="SeleniumLibrary">
<msg time="2025-02-25T23:22:47.390168" level="INFO">Clicking element 'xpath=//a[contains(@class,'btn btn-primary btn-icon-text btn-sm mb-3') and contains(text(),'Call Paper')]'.</msg>
<arg>xpath=//a[contains(@class,'btn btn-primary btn-icon-text btn-sm mb-3') and contains(text(),'Call Paper')]</arg>
<doc>Click the element identified by ``locator``.</doc>
<status status="PASS" start="2025-02-25T23:22:47.389161" elapsed="0.149585"/>
</kw>
<kw name="Wait Until Element Is Visible" owner="SeleniumLibrary">
<msg time="2025-02-25T23:22:52.996683" level="INFO" html="true">&lt;/td&gt;&lt;/tr&gt;&lt;tr&gt;&lt;td colspan="3"&gt;&lt;a href="selenium-screenshot-12.png"&gt;&lt;img src="selenium-screenshot-12.png" width="800px"&gt;&lt;/a&gt;</msg>
<msg time="2025-02-25T23:22:52.996683" level="FAIL">Element 'xpath=//button[contains(@class,'swal-button--confirm')]' not visible after 5 seconds.</msg>
<arg>xpath=//button[contains(@class,'swal-button--confirm')]</arg>
<arg>timeout=5s</arg>
<doc>Waits until the element ``locator`` is visible.</doc>
<status status="FAIL" start="2025-02-25T23:22:47.540763" elapsed="5.456916">Element 'xpath=//button[contains(@class,'swal-button--confirm')]' not visible after 5 seconds.</status>
</kw>
<kw name="Click Element" owner="SeleniumLibrary">
<arg>xpath=//button[contains(@class,'swal-button--confirm')]</arg>
<doc>Click the element identified by ``locator``.</doc>
<status status="NOT RUN" start="2025-02-25T23:22:52.998675" elapsed="0.000000"/>
</kw>
<kw name="Wait Until Element Is Visible" owner="SeleniumLibrary">
<arg>name=username</arg>
<arg>timeout=10s</arg>
<doc>Waits until the element ``locator`` is visible.</doc>
<status status="NOT RUN" start="2025-02-25T23:22:52.999674" elapsed="0.000000"/>
</kw>
<doc>กดปุ่ม Call Paper และตรวจสอบว่าหน้า login เปิดขึ้นเร็วที่สุด</doc>
<status status="FAIL" start="2025-02-25T23:22:47.326357" elapsed="5.674321">Element 'xpath=//button[contains(@class,'swal-button--confirm')]' not visible after 5 seconds.</status>
</test>
<test id="s1-t7" name="[Teardown]" line="55">
<kw name="Close Browser" owner="SeleniumLibrary">
<doc>Closes the current browser.</doc>
<status status="PASS" start="2025-02-25T23:22:53.003752" elapsed="2.503272"/>
</kw>
<status status="PASS" start="2025-02-25T23:22:53.003752" elapsed="2.505828"/>
</test>
<status status="FAIL" start="2025-02-25T23:21:24.872425" elapsed="90.639148"/>
</suite>
<statistics>
<total>
<stat pass="4" fail="3" skip="0">All Tests</stat>
</total>
<tag>
</tag>
<suite>
<stat pass="4" fail="3" skip="0" id="s1" name="UAT test">UAT test</stat>
</suite>
</statistics>
<errors>
</errors>
</robot>
